Compiling the C compiler identification source file "CMakeCCompilerId.c" failed.
Compiler: C:/Program Files/CodeBlocks/MinGW/bin/gcc.exe 
Build flags: 
Id flags:  

The output was:
1


Compiling the C compiler identification source file "CMakeCCompilerId.c" failed.
Compiler: C:/Program Files/CodeBlocks/MinGW/bin/gcc.exe 
Build flags: 
Id flags: -c 

The output was:
1


Compiling the C compiler identification source file "CMakeCCompilerId.c" failed.
Compiler: C:/Program Files/CodeBlocks/MinGW/bin/gcc.exe 
Build flags: 
Id flags: -Aa 

The output was:
1


Compiling the C compiler identification source file "CMakeCCompilerId.c" failed.
Compiler: C:/Program Files/CodeBlocks/MinGW/bin/gcc.exe 
Build flags: 
Id flags: -D__CLASSIC_C__ 

The output was:
1


Compiling the C compiler identification source file "CMakeCCompilerId.c" failed.
Compiler: C:/Program Files/CodeBlocks/MinGW/bin/gcc.exe 
Build flags: 
Id flags: --target=arm-arm-none-eabi;-mcpu=cortex-m3 

The output was:
1
gcc.exe: warning: '-mcpu=' is deprecated; use '-mtune=' or '-march=' instead
gcc.exe: error: unrecognized command line option '--target=arm-arm-none-eabi'


Compiling the C compiler identification source file "CMakeCCompilerId.c" failed.
Compiler: C:/Program Files/CodeBlocks/MinGW/bin/gcc.exe 
Build flags: 
Id flags:  

The output was:
1


Compiling the C compiler identification source file "CMakeCCompilerId.c" failed.
Compiler: C:/Program Files/CodeBlocks/MinGW/bin/gcc.exe 
Build flags: 
Id flags: -c 

The output was:
1


Compiling the C compiler identification source file "CMakeCCompilerId.c" failed.
Compiler: C:/Program Files/CodeBlocks/MinGW/bin/gcc.exe 
Build flags: 
Id flags: -Aa 

The output was:
1


Compiling the C compiler identification source file "CMakeCCompilerId.c" failed.
Compiler: C:/Program Files/CodeBlocks/MinGW/bin/gcc.exe 
Build flags: 
Id flags: -D__CLASSIC_C__ 

The output was:
1


Compiling the C compiler identification source file "CMakeCCompilerId.c" failed.
Compiler: C:/Program Files/CodeBlocks/MinGW/bin/gcc.exe 
Build flags: 
Id flags: --target=arm-arm-none-eabi;-mcpu=cortex-m3 

The output was:
1
gcc.exe: warning: '-mcpu=' is deprecated; use '-mtune=' or '-march=' instead
gcc.exe: error: unrecognized command line option '--target=arm-arm-none-eabi'


Checking whether the C compiler is IAR using "" did not match "IAR .+ Compiler":
gcc.exe: fatal error: no input files
compilation terminated.
Checking whether the C compiler is IAR using "" did not match "IAR .+ Compiler":
gcc.exe: fatal error: no input files
compilation terminated.
Compiling the CXX compiler identification source file "CMakeCXXCompilerId.cpp" failed.
Compiler: C:/Program Files/CodeBlocks/MinGW/bin/g++.exe 
Build flags: 
Id flags:  

The output was:
1


Compiling the CXX compiler identification source file "CMakeCXXCompilerId.cpp" failed.
Compiler: C:/Program Files/CodeBlocks/MinGW/bin/g++.exe 
Build flags: 
Id flags: -c 

The output was:
1


Compiling the CXX compiler identification source file "CMakeCXXCompilerId.cpp" failed.
Compiler: C:/Program Files/CodeBlocks/MinGW/bin/g++.exe 
Build flags: 
Id flags: --c++ 

The output was:
1
g++.exe: error: unrecognized command line option '--c++'


Compiling the CXX compiler identification source file "CMakeCXXCompilerId.cpp" failed.
Compiler: C:/Program Files/CodeBlocks/MinGW/bin/g++.exe 
Build flags: 
Id flags: --ec++ 

The output was:
1
g++.exe: error: unrecognized command line option '--ec++'; did you mean '-Weffc++'?


Compiling the CXX compiler identification source file "CMakeCXXCompilerId.cpp" failed.
Compiler: C:/Program Files/CodeBlocks/MinGW/bin/g++.exe 
Build flags: 
Id flags: --target=arm-arm-none-eabi;-mcpu=cortex-m3 

The output was:
1
g++.exe: warning: '-mcpu=' is deprecated; use '-mtune=' or '-march=' instead
g++.exe: error: unrecognized command line option '--target=arm-arm-none-eabi'


Compiling the CXX compiler identification source file "CMakeCXXCompilerId.cpp" failed.
Compiler: C:/Program Files/CodeBlocks/MinGW/bin/g++.exe 
Build flags: 
Id flags:  

The output was:
1


Compiling the CXX compiler identification source file "CMakeCXXCompilerId.cpp" failed.
Compiler: C:/Program Files/CodeBlocks/MinGW/bin/g++.exe 
Build flags: 
Id flags: -c 

The output was:
1


Compiling the CXX compiler identification source file "CMakeCXXCompilerId.cpp" failed.
Compiler: C:/Program Files/CodeBlocks/MinGW/bin/g++.exe 
Build flags: 
Id flags: --c++ 

The output was:
1
g++.exe: error: unrecognized command line option '--c++'


Compiling the CXX compiler identification source file "CMakeCXXCompilerId.cpp" failed.
Compiler: C:/Program Files/CodeBlocks/MinGW/bin/g++.exe 
Build flags: 
Id flags: --ec++ 

The output was:
1
g++.exe: error: unrecognized command line option '--ec++'; did you mean '-Weffc++'?


Compiling the CXX compiler identification source file "CMakeCXXCompilerId.cpp" failed.
Compiler: C:/Program Files/CodeBlocks/MinGW/bin/g++.exe 
Build flags: 
Id flags: --target=arm-arm-none-eabi;-mcpu=cortex-m3 

The output was:
1
g++.exe: warning: '-mcpu=' is deprecated; use '-mtune=' or '-march=' instead
g++.exe: error: unrecognized command line option '--target=arm-arm-none-eabi'


Checking whether the CXX compiler is IAR using "" did not match "IAR .+ Compiler":
g++.exe: fatal error: no input files
compilation terminated.
Checking whether the CXX compiler is IAR using "" did not match "IAR .+ Compiler":
g++.exe: fatal error: no input files
compilation terminated.
Detecting C compiler ABI info failed to compile with the following output:
Change Dir: C:/Users/Andrea/EDA_practico/build/CMakeFiles/CMakeTmp

Run Build Command(s):C:/PROGRA~1/CODEBL~1/MinGW/bin/mingw32-make.exe cmTC_c71a5/fast && C:/PROGRA~1/CODEBL~1/MinGW/bin/mingw32-make.exe  -f CMakeFiles\cmTC_c71a5.dir\build.make CMakeFiles/cmTC_c71a5.dir/build
mingw32-make.exe[1]: Entering directory 'C:/Users/Andrea/EDA_practico/build/CMakeFiles/CMakeTmp'
Building C object CMakeFiles/cmTC_c71a5.dir/CMakeCCompilerABI.c.obj
C:\PROGRA~1\CODEBL~1\MinGW\bin\gcc.exe    -o CMakeFiles\cmTC_c71a5.dir\CMakeCCompilerABI.c.obj -c "C:\Program Files\CMake\share\cmake-3.18\Modules\CMakeCCompilerABI.c"
mingw32-make.exe[1]: *** [CMakeFiles\cmTC_c71a5.dir\build.make:84: CMakeFiles/cmTC_c71a5.dir/CMakeCCompilerABI.c.obj] Error 1
mingw32-make.exe[1]: Leaving directory 'C:/Users/Andrea/EDA_practico/build/CMakeFiles/CMakeTmp'
mingw32-make.exe: *** [Makefile:139: cmTC_c71a5/fast] Error 2




Determining if the C compiler works failed with the following output:
Change Dir: C:/Users/Andrea/EDA_practico/build/CMakeFiles/CMakeTmp

Run Build Command(s):C:/PROGRA~1/CODEBL~1/MinGW/bin/mingw32-make.exe cmTC_cf667/fast && C:/PROGRA~1/CODEBL~1/MinGW/bin/mingw32-make.exe  -f CMakeFiles\cmTC_cf667.dir\build.make CMakeFiles/cmTC_cf667.dir/build
mingw32-make.exe[1]: Entering directory 'C:/Users/Andrea/EDA_practico/build/CMakeFiles/CMakeTmp'
Building C object CMakeFiles/cmTC_cf667.dir/testCCompiler.c.obj
C:\PROGRA~1\CODEBL~1\MinGW\bin\gcc.exe    -o CMakeFiles\cmTC_cf667.dir\testCCompiler.c.obj -c C:\Users\Andrea\EDA_practico\build\CMakeFiles\CMakeTmp\testCCompiler.c
mingw32-make.exe[1]: *** [CMakeFiles\cmTC_cf667.dir\build.make:84: CMakeFiles/cmTC_cf667.dir/testCCompiler.c.obj] Error 1
mingw32-make.exe[1]: Leaving directory 'C:/Users/Andrea/EDA_practico/build/CMakeFiles/CMakeTmp'
mingw32-make.exe: *** [Makefile:139: cmTC_cf667/fast] Error 2



